#
# There is insufficient memory for the Java Runtime Environment to continue.
# Native memory allocation (malloc) failed to allocate 1481856 bytes for Chunk::new
# Possible reasons:
#   The system is out of physical RAM or swap space
#   In 32 bit mode, the process size limit was hit
# Possible solutions:
#   Reduce memory load on the system
#   Increase physical memory or swap space
#   Check if swap backing store is full
#   Use 64 bit Java on a 64 bit OS
#   Decrease Java heap size (-Xmx/-Xms)
#   Decrease number of Java threads
#   Decrease Java thread stack sizes (-Xss)
#   Set larger code cache with -XX:ReservedCodeCacheSize=
# This output file may be truncated or incomplete.
#
#  Out of Memory Error (allocation.cpp:390), pid=29948, tid=28376
#
# JRE version: Java(TM) SE Runtime Environment (8.0_66-b18) (build 1.8.0_66-b18)
# Java VM: Java HotSpot(TM) 64-Bit Server VM (25.66-b18 mixed mode windows-amd64 compressed oops)
# Failed to write core dump. Minidumps are not enabled by default on client versions of Windows
#

---------------  T H R E A D  ---------------

Current thread (0x0000000017e5f000):  JavaThread "C2 CompilerThread1" daemon [_thread_in_native, id=28376, stack(0x0000000018530000,0x0000000018630000)]

Stack: [0x0000000018530000,0x0000000018630000]
[error occurred during error reporting (printing stack bounds), id 0xc0000005]

Native frames: (J=compiled Java code, j=interpreted, Vv=VM code, C=native code)


Current CompileTask:
C2:  11132 3749       4       java.net.URLClassLoader$1::run (5 bytes)


---------------  P R O C E S S  ---------------

Java Threads: ( => current thread )
  0x0000000019c1c000 JavaThread "Memory manager" [_thread_blocked, id=32748, stack(0x0000000022640000,0x0000000022740000)]
  0x0000000019c1a800 JavaThread "build operations Thread 8" [_thread_blocked, id=24240, stack(0x0000000022140000,0x0000000022240000)]
  0x0000000019c1d000 JavaThread "build operations Thread 7" [_thread_blocked, id=23464, stack(0x0000000022040000,0x0000000022140000)]
  0x0000000019c1b800 JavaThread "build operations Thread 6" [_thread_blocked, id=7272, stack(0x0000000021f40000,0x0000000022040000)]
  0x0000000019c19000 JavaThread "build operations Thread 5" [_thread_blocked, id=34548, stack(0x0000000021be0000,0x0000000021ce0000)]
  0x0000000019efd800 JavaThread "build operations Thread 4" [_thread_blocked, id=10724, stack(0x0000000021870000,0x0000000021970000)]
  0x0000000019efc800 JavaThread "build operations Thread 3" [_thread_blocked, id=33828, stack(0x0000000021770000,0x0000000021870000)]
  0x0000000019efc000 JavaThread "build operations Thread 2" [_thread_blocked, id=32180, stack(0x000000001f610000,0x000000001f710000)]
  0x0000000019efb000 JavaThread "build operations" [_thread_blocked, id=15912, stack(0x000000001f510000,0x000000001f610000)]
  0x0000000019eff000 JavaThread "Cache worker for Artifact transforms cache (C:\Users\Donatas\.gradle\caches\transforms-1)" [_thread_blocked, id=16744, stack(0x000000001c950000,0x000000001ca50000)]
  0x0000000019f00800 JavaThread "Cache worker for file hash cache (D:\Android\AndroidProjects\Qrscannew\.gradle\4.1\fileHashes)" [_thread_blocked, id=27964, stack(0x000000001c850000,0x000000001c950000)]
  0x0000000019efe000 JavaThread "File lock request listener" [_thread_in_native, id=13056, stack(0x000000001c550000,0x000000001c650000)]
  0x0000000019eff800 JavaThread "Cache worker for file hash cache (C:\Users\Donatas\.gradle\caches\4.1\fileHashes)" [_thread_blocked, id=31372, stack(0x000000001c450000,0x000000001c550000)]
  0x00000000197de800 JavaThread "Stdin handler" [_thread_blocked, id=6648, stack(0x000000001b380000,0x000000001b480000)]
  0x0000000019c2d000 JavaThread "Asynchronous log dispatcher for DefaultDaemonConnection: socket connection from /127.0.0.1:65145 to /127.0.0.1:65146" [_thread_blocked, id=34380, stack(0x000000001b180000,0x000000001b280000)]
  0x00000000197e8800 JavaThread "Daemon worker" [_thread_in_Java, id=34504, stack(0x000000001b080000,0x000000001b180000)]
  0x0000000019c36800 JavaThread "Cancel handler" [_thread_blocked, id=25736, stack(0x000000001af80000,0x000000001b080000)]
  0x0000000019b16000 JavaThread "Handler for socket connection from /127.0.0.1:65145 to /127.0.0.1:65146" [_thread_in_native, id=34664, stack(0x000000001ac80000,0x000000001ad80000)]
  0x0000000019b30800 JavaThread "Daemon" [_thread_blocked, id=33220, stack(0x000000001ab80000,0x000000001ac80000)]
  0x000000001991b800 JavaThread "Daemon periodic checks" [_thread_blocked, id=6556, stack(0x000000001aa80000,0x000000001ab80000)]
  0x0000000019552000 JavaThread "Incoming local TCP Connector on port 65145" [_thread_in_native, id=28720, stack(0x000000001a840000,0x000000001a940000)]
  0x000000001971c000 JavaThread "Daemon health stats" [_thread_blocked, id=17484, stack(0x000000001a200000,0x000000001a300000)]
  0x0000000017ed7800 JavaThread "Service Thread" daemon [_thread_blocked, id=3988, stack(0x0000000018830000,0x0000000018930000)]
  0x0000000017eae000 JavaThread "C1 CompilerThread3" daemon [_thread_blocked, id=4936, stack(0x0000000018730000,0x0000000018830000)]
  0x0000000017e65800 JavaThread "C2 CompilerThread2" daemon [_thread_in_native, id=30900, stack(0x0000000018630000,0x0000000018730000)]
=>0x0000000017e5f000 JavaThread "C2 CompilerThread1" daemon [_thread_in_native, id=28376, stack(0x0000000018530000,0x0000000018630000)]
  0x0000000017e5a800 JavaThread "C2 CompilerThread0" daemon [_thread_in_native, id=25928, stack(0x0000000018430000,0x0000000018530000)]
  0x0000000017e57000 JavaThread "Attach Listener" daemon [_thread_blocked, id=16484, stack(0x0000000018330000,0x0000000018430000)]
  0x0000000017e54800 JavaThread "Signal Dispatcher" daemon [_thread_blocked, id=15140, stack(0x0000000018230000,0x0000000018330000)]
  0x0000000003233800 JavaThread "Finalizer" daemon [_thread_blocked, id=26852, stack(0x0000000017c30000,0x0000000017d30000)]
  0x0000000003232000 JavaThread "Reference Handler" daemon [_thread_blocked, id=13084, stack(0x0000000017b30000,0x0000000017c30000)]
  0x000000000302e000 JavaThread "main" [_thread_blocked, id=24132, stack(0x0000000003040000,0x0000000003140000)]

Other Threads:
  0x0000000015d59800 VMThread [stack: 0x0000000017a30000,0x0000000017b30000] [id=19516]
  0x0000000017eda800 WatcherThread [stack: 0x0000000018930000,0x0000000018a30000] [id=32692]

VM state:not at safepoint (normal execution)

VM Mutex/Monitor currently owned by a thread: None

Heap:
 PSYoungGen      total 136704K, used 20583K [0x00000000eab00000, 0x00000000f7c80000, 0x0000000100000000)
  eden space 129024K, 15% used [0x00000000eab00000,0x00000000ebf19c30,0x00000000f2900000)
  from space 7680K, 0% used [0x00000000f3580000,0x00000000f3580000,0x00000000f3d00000)
  to   space 12800K, 0% used [0x00000000f2900000,0x00000000f2900000,0x00000000f3580000)
 ParOldGen       total 89088K, used 14240K [0x00000000c0000000, 0x00000000c5700000, 0x00000000eab00000)
  object space 89088K, 15% used [0x00000000c0000000,0x00000000c0de80d0,0x00000000c5700000)
 Metaspace       used 37006K, capacity 37812K, committed 38192K, reserved 1081344K
  class space    used 5108K, capacity 5420K, committed 5424K, reserved 1048576K

Card table byte_map: [0x0000000012600000,0x0000000012810000] byte_map_base: 0x0000000012000000

Marking Bits: (ParMarkBitMap*) 0x000000005259a5b0
 Begin Bits: [0x0000000013170000, 0x0000000014170000)
 End Bits:   [0x0000000014170000, 0x0000000015170000)

Polling page: 0x0000000001760000

CodeCache: size=245760Kb used=11700Kb max_used=12228Kb free=234059Kb
 bounds [0x0000000003240000, 0x0000000003e50000, 0x0000000012240000]
 total_blobs=3961 nmethods=3253 adapters=620
 compilation: enabled

Compilation events (10 events):
Event: 11.092 Thread 0x0000000017eae000 nmethod 3756 0x00000000036e93d0 code [0x00000000036e9580, 0x00000000036e9bb8]
Event: 11.101 Thread 0x0000000017eae000 3757       3       sun.misc.ProxyGenerator$MethodInfo::<init> (86 bytes)
Event: 11.102 Thread 0x0000000017eae000 nmethod 3757 0x0000000003d3f5d0 code [0x0000000003d3f820, 0x0000000003d40288]
Event: 11.102 Thread 0x0000000017eae000 3759       3       sun.misc.ProxyGenerator$MethodInfo::write (283 bytes)
Event: 11.104 Thread 0x0000000017e65800 nmethod 3755 0x0000000003c02d90 code [0x0000000003c02f60, 0x0000000003c038d8]
Event: 11.107 Thread 0x0000000017eae000 nmethod 3759 0x0000000003bb8c10 code [0x0000000003bb9280, 0x0000000003bbe0e8]
Event: 11.107 Thread 0x0000000017eae000 3758       3       sun.misc.ProxyGenerator::code_astore (11 bytes)
Event: 11.107 Thread 0x0000000017eae000 nmethod 3758 0x0000000003c029d0 code [0x0000000003c02b40, 0x0000000003c02ce8]
Event: 11.125 Thread 0x0000000017e5a800 3760       4       java.lang.ClassLoader::defineClass (43 bytes)
Event: 11.126 Thread 0x0000000017e65800 3761   !   4       java.security.SecureClassLoader::getProtectionDomain (114 bytes)

GC Heap History (10 events):
Event: 4.126 GC heap before
{Heap before GC invocations=4 (full 1):
 PSYoungGen      total 76288K, used 6835K [0x00000000eab00000, 0x00000000f4000000, 0x0000000100000000)
  eden space 65536K, 0% used [0x00000000eab00000,0x00000000eab00000,0x00000000eeb00000)
  from space 10752K, 63% used [0x00000000eeb00000,0x00000000ef1ace88,0x00000000ef580000)
  to   space 10752K, 0% used [0x00000000f3580000,0x00000000f3580000,0x00000000f4000000)
 ParOldGen       total 175104K, used 1111K [0x00000000c0000000, 0x00000000cab00000, 0x00000000eab00000)
  object space 175104K, 0% used [0x00000000c0000000,0x00000000c0115d38,0x00000000cab00000)
 Metaspace       used 20739K, capacity 21188K, committed 21296K, reserved 1067008K
  class space    used 2945K, capacity 3099K, committed 3120K, reserved 1048576K
Event: 4.200 GC heap after
Heap after GC invocations=4 (full 1):
 PSYoungGen      total 76288K, used 0K [0x00000000eab00000, 0x00000000f4000000, 0x0000000100000000)
  eden space 65536K, 0% used [0x00000000eab00000,0x00000000eab00000,0x00000000eeb00000)
  from space 10752K, 0% used [0x00000000eeb00000,0x00000000eeb00000,0x00000000ef580000)
  to   space 10752K, 0% used [0x00000000f3580000,0x00000000f3580000,0x00000000f4000000)
 ParOldGen       total 89088K, used 6752K [0x00000000c0000000, 0x00000000c5700000, 0x00000000eab00000)
  object space 89088K, 7% used [0x00000000c0000000,0x00000000c06980b0,0x00000000c5700000)
 Metaspace       used 20739K, capacity 21188K, committed 21296K, reserved 1067008K
  class space    used 2945K, capacity 3099K, committed 3120K, reserved 1048576K
}
Event: 5.158 GC heap before
{Heap before GC invocations=5 (full 1):
 PSYoungGen      total 76288K, used 65536K [0x00000000eab00000, 0x00000000f4000000, 0x0000000100000000)
  eden space 65536K, 100% used [0x00000000eab00000,0x00000000eeb00000,0x00000000eeb00000)
  from space 10752K, 0% used [0x00000000eeb00000,0x00000000eeb00000,0x00000000ef580000)
  to   space 10752K, 0% used [0x00000000f3580000,0x00000000f3580000,0x00000000f4000000)
 ParOldGen       total 89088K, used 6752K [0x00000000c0000000, 0x00000000c5700000, 0x00000000eab00000)
  object space 89088K, 7% used [0x00000000c0000000,0x00000000c06980b0,0x00000000c5700000)
 Metaspace       used 25840K, capacity 26396K, committed 26672K, reserved 1073152K
  class space    used 3617K, capacity 3823K, committed 3888K, reserved 1048576K
Event: 5.182 GC heap after
Heap after GC invocations=5 (full 1):
 PSYoungGen      total 121856K, used 7289K [0x00000000eab00000, 0x00000000f3d00000, 0x0000000100000000)
  eden space 114176K, 0% used [0x00000000eab00000,0x00000000eab00000,0x00000000f1a80000)
  from space 7680K, 94% used [0x00000000f3580000,0x00000000f3c9e5c0,0x00000000f3d00000)
  to   space 10752K, 0% used [0x00000000f2800000,0x00000000f2800000,0x00000000f3280000)
 ParOldGen       total 89088K, used 6760K [0x00000000c0000000, 0x00000000c5700000, 0x00000000eab00000)
  object space 89088K, 7% used [0x00000000c0000000,0x00000000c069a0b0,0x00000000c5700000)
 Metaspace       used 25840K, capacity 26396K, committed 26672K, reserved 1073152K
  class space    used 3617K, capacity 3823K, committed 3888K, reserved 1048576K
}
Event: 10.243 GC heap before
{Heap before GC invocations=6 (full 1):
 PSYoungGen      total 121856K, used 121465K [0x00000000eab00000, 0x00000000f3d00000, 0x0000000100000000)
  eden space 114176K, 100% used [0x00000000eab00000,0x00000000f1a80000,0x00000000f1a80000)
  from space 7680K, 94% used [0x00000000f3580000,0x00000000f3c9e5c0,0x00000000f3d00000)
  to   space 10752K, 0% used [0x00000000f2800000,0x00000000f2800000,0x00000000f3280000)
 ParOldGen       total 89088K, used 6760K [0x00000000c0000000, 0x00000000c5700000, 0x00000000eab00000)
  object space 89088K, 7% used [0x00000000c0000000,0x00000000c069a0b0,0x00000000c5700000)
 Metaspace       used 32136K, capacity 32834K, committed 33200K, reserved 1077248K
  class space    used 4469K, capacity 4692K, committed 4784K, reserved 1048576K
Event: 10.268 GC heap after
Heap after GC invocations=6 (full 1):
 PSYoungGen      total 124928K, used 10720K [0x00000000eab00000, 0x00000000f3d00000, 0x0000000100000000)
  eden space 114176K, 0% used [0x00000000eab00000,0x00000000eab00000,0x00000000f1a80000)
  from space 10752K, 99% used [0x00000000f2800000,0x00000000f3278160,0x00000000f3280000)
  to   space 7680K, 0% used [0x00000000f3580000,0x00000000f3580000,0x00000000f3d00000)
 ParOldGen       total 89088K, used 6964K [0x00000000c0000000, 0x00000000c5700000, 0x00000000eab00000)
  object space 89088K, 7% used [0x00000000c0000000,0x00000000c06cd0b8,0x00000000c5700000)
 Metaspace       used 32136K, capacity 32834K, committed 33200K, reserved 1077248K
  class space    used 4469K, capacity 4692K, committed 4784K, reserved 1048576K
}
Event: 10.663 GC heap before
{Heap before GC invocations=7 (full 1):
 PSYoungGen      total 124928K, used 21892K [0x00000000eab00000, 0x00000000f3d00000, 0x0000000100000000)
  eden space 114176K, 9% used [0x00000000eab00000,0x00000000eb5e8f58,0x00000000f1a80000)
  from space 10752K, 99% used [0x00000000f2800000,0x00000000f3278160,0x00000000f3280000)
  to   space 7680K, 0% used [0x00000000f3580000,0x00000000f3580000,0x00000000f3d00000)
 ParOldGen       total 89088K, used 6964K [0x00000000c0000000, 0x00000000c5700000, 0x00000000eab00000)
  object space 89088K, 7% used [0x00000000c0000000,0x00000000c06cd0b8,0x00000000c5700000)
 Metaspace       used 34459K, capacity 35274K, committed 35496K, reserved 1079296K
  class space    used 4795K, capacity 5085K, committed 5168K, reserved 1048576K
Event: 10.672 GC heap after
Heap after GC invocations=7 (full 1):
 PSYoungGen      total 136704K, used 7659K [0x00000000eab00000, 0x00000000f7c80000, 0x0000000100000000)
  eden space 129024K, 0% used [0x00000000eab00000,0x00000000eab00000,0x00000000f2900000)
  from space 7680K, 99% used [0x00000000f3580000,0x00000000f3cfac28,0x00000000f3d00000)
  to   space 12800K, 0% used [0x00000000f2900000,0x00000000f2900000,0x00000000f3580000)
 ParOldGen       total 89088K, used 7547K [0x00000000c0000000, 0x00000000c5700000, 0x00000000eab00000)
  object space 89088K, 8% used [0x00000000c0000000,0x00000000c075eec0,0x00000000c5700000)
 Metaspace       used 34459K, capacity 35274K, committed 35496K, reserved 1079296K
  class space    used 4795K, capacity 5085K, committed 5168K, reserved 1048576K
}
Event: 10.672 GC heap before
{Heap before GC invocations=8 (full 2):
 PSYoungGen      total 136704K, used 7659K [0x00000000eab00000, 0x00000000f7c80000, 0x0000000100000000)
  eden space 129024K, 0% used [0x00000000eab00000,0x00000000eab00000,0x00000000f2900000)
  from space 7680K, 99% used [0x00000000f3580000,0x00000000f3cfac28,0x00000000f3d00000)
  to   space 12800K, 0% used [0x00000000f2900000,0x00000000f2900000,0x00000000f3580000)
 ParOldGen       total 89088K, used 7547K [0x00000000c0000000, 0x00000000c5700000, 0x00000000eab00000)
  object space 89088K, 8% used [0x00000000c0000000,0x00000000c075eec0,0x00000000c5700000)
 Metaspace       used 34459K, capacity 35274K, committed 35496K, reserved 1079296K
  class space    used 4795K, capacity 5085K, committed 5168K, reserved 1048576K
Event: 10.755 GC heap after
Heap after GC invocations=8 (full 2):
 PSYoungGen      total 136704K, used 0K [0x00000000eab00000, 0x00000000f7c80000, 0x0000000100000000)
  eden space 129024K, 0% used [0x00000000eab00000,0x00000000eab00000,0x00000000f2900000)
  from space 7680K, 0% used [0x00000000f3580000,0x00000000f3580000,0x00000000f3d00000)
  to   space 12800K, 0% used [0x00000000f2900000,0x00000000f2900000,0x00000000f3580000)
 ParOldGen       total 89088K, used 14240K [0x00000000c0000000, 0x00000000c5700000, 0x00000000eab00000)
  object space 89088K, 15% used [0x00000000c0000000,0x00000000c0de80d0,0x00000000c5700000)
 Metaspace       used 34459K, capacity 35274K, committed 35496K, reserved 1079296K
  class space    used 4795K, capacity 5085K, committed 5168K, reserved 1048576K
}

Deoptimization events (10 events):
Event: 10.367 Thread 0x00000000197e8800 Uncommon trap: reason=class_check action=maybe_recompile pc=0x0000000003be1ebc method=java.util.Hashtable.get(Ljava/lang/Object;)Ljava/lang/Object; @ 6
Event: 10.367 Thread 0x00000000197e8800 Uncommon trap: reason=class_check action=maybe_recompile pc=0x0000000003be1ebc method=java.util.Hashtable.get(Ljava/lang/Object;)Ljava/lang/Object; @ 6
Event: 10.395 Thread 0x00000000197e8800 Uncommon trap: reason=unstable_if action=reinterpret pc=0x00000000033cda28 method=java.lang.String.replace(CC)Ljava/lang/String; @ 2
Event: 10.399 Thread 0x00000000197e8800 Uncommon trap: reason=bimorphic action=maybe_recompile pc=0x00000000039cadd4 method=org.codehaus.groovy.runtime.metaclass.MetaMethodIndex.addMethodToList(Ljava/lang/Object;Lgroovy/lang/MetaMethod;)Ljava/lang/Object; @ 96
Event: 10.400 Thread 0x00000000197e8800 Uncommon trap: reason=unstable_if action=reinterpret pc=0x0000000003abc898 method=groovy.lang.MetaClassImpl$1MOPIter.methodNameAction(Ljava/lang/Class;Lorg/codehaus/groovy/runtime/metaclass/MetaMethodIndex$Entry;)V @ 259
Event: 10.558 Thread 0x00000000197e8800 Uncommon trap: reason=unstable_if action=reinterpret pc=0x0000000003bf0910 method=java.lang.Integer.valueOf(I)Ljava/lang/Integer; @ 3
Event: 10.563 Thread 0x00000000197e8800 Uncommon trap: reason=predicate action=maybe_recompile pc=0x0000000003b784f0 method=java.util.Arrays.binarySearch0([Ljava/lang/Object;IILjava/lang/Object;Ljava/util/Comparator;)I @ 28
Event: 10.563 Thread 0x00000000197e8800 Uncommon trap: reason=predicate action=maybe_recompile pc=0x0000000003d046e4 method=java.util.Arrays.binarySearch0([Ljava/lang/Object;IILjava/lang/Object;Ljava/util/Comparator;)I @ 28
Event: 10.625 Thread 0x00000000197e8800 Uncommon trap: reason=unstable_if action=reinterpret pc=0x0000000003785338 method=sun.misc.MetaIndex.mayContain(Ljava/lang/String;)Z @ 38
Event: 11.040 Thread 0x00000000197e8800 Uncommon trap: reason=unstable_if action=reinterpret pc=0x0000000003c55164 method=java.util.Properties$LineReader.readLine()I @ 37

Internal exceptions (10 events):
Event: 10.409 Thread 0x00000000197e8800 Exception <a 'java/lang/ClassNotFoundException': org/gradle/api/internal/project/DefaultAntBuilderBeanInfo> (0x00000000eae60868) thrown at [C:\re\workspace\8-2-build-windows-amd64-cygwin\jdk8u66\5298\hotspot\src\share\vm\classfile\systemDictionary.cpp, linHµÔDÒ$@
Event: 10.411 Thread 0x00000000197e8800 Exception <a 'java/lang/ClassNotFoundException': org/gradle/api/internal/project/ant/BasicAntBuilderBeanInfo> (0x00000000eae8e750) thrown at [C:\re\workspace\8-2-build-windows-amd64-cygwin\jdk8u66\5298\hotspot\src\share\vm\classfile\systemDictionary.cpp, lª,Ÿ„³Ò$@
Event: 10.412 Thread 0x00000000197e8800 Exception <a 'java/lang/ClassNotFoundException': org/gradle/api/AntBuilderBeanInfo> (0x00000000eaeaecc8) thrown at [C:\re\workspace\8-2-build-windows-amd64-cygwin\jdk8u66\5298\hotspot\src\share\vm\classfile\systemDictionary.cpp, line 210]
Event: 10.415 Thread 0x00000000197e8800 Exception <a 'java/lang/ClassNotFoundException': groovy/util/AntBuilderBeanInfo> (0x00000000eaecdd20) thrown at [C:\re\workspace\8-2-build-windows-amd64-cygwin\jdk8u66\5298\hotspot\src\share\vm\classfile\systemDictionary.cpp, line 210]
Event: 10.416 Thread 0x00000000197e8800 Exception <a 'java/lang/ClassNotFoundException': groovy/util/BuilderSupportBeanInfo> (0x00000000eaeee270) thrown at [C:\re\workspace\8-2-build-windows-amd64-cygwin\jdk8u66\5298\hotspot\src\share\vm\classfile\systemDictionary.cpp, line 210]
Event: 10.417 Thread 0x00000000197e8800 Exception <a 'java/lang/ClassNotFoundException': groovy/util/BuilderSupportCustomizer> (0x00000000eaf10650) thrown at [C:\re\workspace\8-2-build-windows-amd64-cygwin\jdk8u66\5298\hotspot\src\share\vm\classfile\systemDictionary.cpp, line 210]
Event: 10.425 Thread 0x00000000197e8800 Exception <a 'java/lang/ClassNotFoundException': groovy/util/AntBuilderCustomizer> (0x00000000eaf33838) thrown at [C:\re\workspace\8-2-build-windows-amd64-cygwin\jdk8u66\5298\hotspot\src\share\vm\classfile\systemDictionary.cpp, line 210]
Event: 10.427 Thread 0x00000000197e8800 Exception <a 'java/lang/ClassNotFoundException': org/gradle/api/AntBuilderCustomizer> (0x00000000eaf5bc28) thrown at [C:\re\workspace\8-2-build-windows-amd64-cygwin\jdk8u66\5298\hotspot\src\share\vm\classfile\systemDictionary.cpp, line 210]
Event: 10.429 Thread 0x00000000197e8800 Exception <a 'java/lang/ClassNotFoundException': org/gradle/api/internal/project/ant/BasicAntBuilderCustomizer> (0x00000000eaf97fa0) thrown at [C:\re\workspace\8-2-build-windows-amd64-cygwin\jdk8u66\5298\hotspot\src\share\vm\classfile\systemDictionary.cpp,
Event: 10.430 Thread 0x00000000197e8800 Exception <a 'java/lang/ClassNotFoundException': org/gradle/api/internal/project/DefaultAntBuilderCustomizer> (0x00000000eafdb098) thrown at [C:\re\workspace\8-2-build-windows-amd64-cygwin\jdk8u66\5298\hotspot\src\share\vm\classfile\systemDictionary.cpp, l\ žJ¨Ñ$@

Events (10 events):
Event: 11.122 loading class org/gradle/workers/internal/WorkerDaemonExpiration
Event: 11.122 loading class org/gradle/workers/internal/WorkerDaemonExpiration done
Event: 11.123 loading class org/gradle/api/internal/tasks/compile/JavaHomeBasedJavaCompilerFactory
Event: 11.124 loading class org/gradle/api/internal/tasks/compile/JavaHomeBasedJavaCompilerFactory done
Event: 11.124 loading class org/gradle/api/internal/tasks/compile/JavaHomeBasedJavaCompilerFactory$CurrentJvmJavaHomeFactory
Event: 11.124 loading class org/gradle/api/internal/tasks/compile/JavaHomeBasedJavaCompilerFactory$CurrentJvmJavaHomeFactory done
Event: 11.125 loading class org/gradle/api/internal/tasks/compile/JavaHomeBasedJavaCompilerFactory$SystemPropertiesJavaHomeFactory
Event: 11.125 loading class org/gradle/api/internal/tasks/compile/JavaHomeBasedJavaCompilerFactory$SystemPropertiesJavaHomeFactory done
Event: 11.125 loading class org/gradle/api/internal/tasks/compile/JavaHomeBasedJavaCompilerFactory$SystemJavaCompilerFactory
Event: 11.125 loading class org/gradle/api/internal/tasks/compile/JavaHomeBasedJavaCompilerFactory$SystemJavaCompilerFactory done


Dynamic libraries:
0x00007ff77da90000 - 0x00007ff77dac7000 	C:\Program Files\Java\jdk1.8.0_66\bin\java.exe
0x00007ffdabc00000 - 0x00007ffdabde1000 	C:\WINDOWS\SYSTEM32\ntdll.dll
0x00007ffdab350000 - 0x00007ffdab402000 	C:\WINDOWS\System32\KERNEL32.DLL
0x00007ffda8d10000 - 0x00007ffda8f83000 	C:\WINDOWS\System32\KERNELBASE.dll
0x00007ffda9c50000 - 0x00007ffda9cf1000 	C:\WINDOWS\System32\ADVAPI32.dll
0x00007ffda99b0000 - 0x00007ffda9a4e000 	C:\WINDOWS\System32\msvcrt.dll
0x00007ffdab410000 - 0x00007ffdab46b000 	C:\WINDOWS\System32\sechost.dll
0x00007ffda9ac0000 - 0x00007ffda9be4000 	C:\WINDOWS\System32\RPCRT4.dll
0x00007ffdab470000 - 0x00007ffdab600000 	C:\WINDOWS\System32\USER32.dll
0x00007ffda86e0000 - 0x00007ffda8700000 	C:\WINDOWS\System32\win32u.dll
0x00007ffda9980000 - 0x00007ffda99a8000 	C:\WINDOWS\System32\GDI32.dll
0x00007ffda8800000 - 0x00007ffda8992000 	C:\WINDOWS\System32\gdi32full.dll
0x00007ffda8f90000 - 0x00007ffda902f000 	C:\WINDOWS\System32\msvcp_win.dll
0x00007ffda8a20000 - 0x00007ffda8b1a000 	C:\WINDOWS\System32\ucrtbase.dll
0x00007ffd9f6e0000 - 0x00007ffd9f949000 	C:\WINDOWS\WinSxS\amd64_microsoft.windows.common-controls_6595b64144ccf1df_6.0.17134.112_none_fb3f961b30681c12\COMCTL32.dll
0x00007ffda9650000 - 0x00007ffda9973000 	C:\WINDOWS\System32\combase.dll
0x00007ffda89a0000 - 0x00007ffda8a1a000 	C:\WINDOWS\System32\bcryptPrimitives.dll
0x00007ffdab690000 - 0x00007ffdab6bd000 	C:\WINDOWS\System32\IMM32.DLL
0x0000000055cf0000 - 0x0000000055dc2000 	C:\Program Files\Java\jdk1.8.0_66\jre\bin\msvcr100.dll
0x0000000051d90000 - 0x0000000052619000 	C:\Program Files\Java\jdk1.8.0_66\jre\bin\server\jvm.dll
0x00007ffdab140000 - 0x00007ffdab148000 	C:\WINDOWS\System32\PSAPI.DLL
0x00007ffda3d00000 - 0x00007ffda3d23000 	C:\WINDOWS\SYSTEM32\WINMM.dll
0x00007ffd934d0000 - 0x00007ffd934d9000 	C:\WINDOWS\SYSTEM32\WSOCK32.dll
0x00007ffda1de0000 - 0x00007ffda1dea000 	C:\WINDOWS\SYSTEM32\VERSION.dll
0x00007ffda9a50000 - 0x00007ffda9abc000 	C:\WINDOWS\System32\WS2_32.dll
0x00007ffda3bf0000 - 0x00007ffda3c1a000 	C:\WINDOWS\SYSTEM32\WINMMBASE.dll
0x00007ffda8700000 - 0x00007ffda8749000 	C:\WINDOWS\System32\cfgmgr32.dll
0x0000000055ce0000 - 0x0000000055cef000 	C:\Program Files\Java\jdk1.8.0_66\jre\bin\verify.dll
0x0000000055cb0000 - 0x0000000055cd9000 	C:\Program Files\Java\jdk1.8.0_66\jre\bin\java.dll
0x0000000055c90000 - 0x0000000055ca6000 	C:\Program Files\Java\jdk1.8.0_66\jre\bin\zip.dll
0x00007ffda9d00000 - 0x00007ffdab140000 	C:\WINDOWS\System32\SHELL32.dll
0x00007ffdabb20000 - 0x00007ffdabbc9000 	C:\WINDOWS\System32\shcore.dll
0x00007ffda7fd0000 - 0x00007ffda86dd000 	C:\WINDOWS\System32\windows.storage.dll
0x00007ffdab2d0000 - 0x00007ffdab321000 	C:\WINDOWS\System32\shlwapi.dll
0x00007ffda7fb0000 - 0x00007ffda7fc1000 	C:\WINDOWS\System32\kernel.appcore.dll
0x00007ffda7f70000 - 0x00007ffda7f8f000 	C:\WINDOWS\System32\profapi.dll
0x00007ffda7f20000 - 0x00007ffda7f6c000 	C:\WINDOWS\System32\powrprof.dll
0x00007ffda7f10000 - 0x00007ffda7f1a000 	C:\WINDOWS\System32\FLTLIB.DLL
0x0000000055c70000 - 0x0000000055c8a000 	C:\Program Files\Java\jdk1.8.0_66\jre\bin\net.dll
0x00007ffda7790000 - 0x00007ffda77f6000 	C:\WINDOWS\system32\mswsock.dll
0x0000000055c50000 - 0x0000000055c61000 	C:\Program Files\Java\jdk1.8.0_66\jre\bin\nio.dll
0x00007ffd937a0000 - 0x00007ffd937be000 	C:\Users\Donatas\.gradle\native\25\windows-amd64\native-platform.dll
0x0000000055c40000 - 0x0000000055c4d000 	C:\Program Files\Java\jdk1.8.0_66\jre\bin\management.dll
0x00007ffda7940000 - 0x00007ffda7957000 	C:\WINDOWS\SYSTEM32\CRYPTSP.dll
0x00007ffda7370000 - 0x00007ffda73a3000 	C:\WINDOWS\system32\rsaenh.dll
0x00007ffda7a70000 - 0x00007ffda7a95000 	C:\WINDOWS\SYSTEM32\bcrypt.dll
0x00007ffda7e40000 - 0x00007ffda7e68000 	C:\WINDOWS\SYSTEM32\USERENV.dll
0x00007ffda7960000 - 0x00007ffda796b000 	C:\WINDOWS\SYSTEM32\CRYPTBASE.dll
0x00007ffda7510000 - 0x00007ffda7548000 	C:\WINDOWS\SYSTEM32\IPHLPAPI.DLL
0x00007ffda9090000 - 0x00007ffda9098000 	C:\WINDOWS\System32\NSI.dll
0x00007ffd9e840000 - 0x00007ffd9e856000 	C:\WINDOWS\SYSTEM32\dhcpcsvc6.DLL
0x00007ffda0fb0000 - 0x00007ffda0fca000 	C:\WINDOWS\SYSTEM32\dhcpcsvc.DLL

VM Arguments:
jvm_args: -XX:+HeapDumpOnOutOfMemoryError -Xmx1024m -Dfile.encoding=windows-1252 -Duser.country=GB -Duser.language=en -Duser.variant 
java_command: org.gradle.launcher.daemon.bootstrap.GradleDaemon 4.1
java_class_path (initial): C:\Users\Donatas\.gradle\wrapper\dists\gradle-4.1-all\bzyivzo6n839fup2jbap0tjew\gradle-4.1\lib\gradle-launcher-4.1.jar
Launcher Type: SUN_STANDARD

Environment Variables:
JAVA_HOME=C:\Program Files\Java\jdk1.8.0_121
PATH=C:\ProgramData\Oracle\Java\javapath;C:\Program Files (x86)\Intel\iCLS Client\;C:\Program Files\Intel\iCLS Client\;C:\WINDOWS\system32;C:\WINDOWS;C:\WINDOWS\System32\Wbem;C:\WINDOWS\System32\WindowsPowerShell\v1.0\;C:\Program Files\Intel\WiFi\bin\;C:\Program Files\Common Files\Intel\WirelessCommon\;C:\Program Files\Intel\Intel(R) Management Engine Components\DAL;C:\Program Files\Intel\Intel(R) Management Engine Components\IPT;C:\Program Files (x86)\Intel\Intel(R) Management Engine Components\DAL;C:\Program Files (x86)\Intel\Intel(R) Management Engine Components\IPT;C:\Users\Donatas\.dnx\bin;C:\Program Files\Microsoft DNX\Dnvm\;C:\Program Files (x86)\Windows Kits\8.1\Windows Performance Toolkit\;C:\Program Files (x86)\Microsoft SQL Server\110\DTS\Binn\;C:\Program Files (x86)\Microsoft SQL Server\120\DTS\Binn\;C:\Program Files (x86)\Microsoft SQL Server\130\DTS\Binn\;C:\Program Files\MySQL\MySQL Utilities 1.6\;C:\ProgramData\chocolatey\bin;C:\Program Files\CMake\bin;C:\Program Files\Git\cmd;C:\Program Files\Git\bin;D:\proto 3.0.0\install\install\bin;D:\Android\Android Studio\gradle\gradle-2.8\bin;C:\Program Files (x86)\Skype\Phone\;C:\Program Files\PuTTY\;C:\Program Files (x86)\NVIDIA Corporation\PhysX\Common;%SystemRoot%\system32;%SystemRoot%;%SystemRoot%\System32\Wbem;%SYSTEMROOT%\System32\WindowsPowerShell\v1.0\;%SYSTEMROOT%\System32\OpenSSH\;D:\Apache\apache-maven-3.3.9\bin;%USERPROFILE%\AppData\Local\Microsoft\WindowsApps
USERNAME=Donatas
OS=Windows_NT
PROCESSOR_IDENTIFIER=Intel64 Family 6 Model 60 Stepping 3, GenuineIntel



---------------  S Y S T E M  ---------------

OS: Windows 10.0 , 64 bit Build 17134 (10.0.17134.1)

CPU:total 8 (4 cores per cpu, 2 threads per core) family 6 model 60 stepping 3, cmov, cx8, fxsr, mmx, sse, sse2, sse3, ssse3, sse4.1, sse4.2, popcnt, avx, avx2, aes, clmul, erms, lzcnt, ht, tsc, tscinvbit, bmi1, bmi2

Memory: 4k page, physical 16725112k(598568k free), swap 28934772k(1308k free)

vm_info: Java HotSpot(TM) 64-Bit Server VM (25.66-b18) for windows-amd64 JRE (1.8.0_66-b18), built on Nov  9 2015 10:51:13 by "java_re" with MS VC++ 10.0 (VS2010)

time: Sat Jul 07 10:03:54 2018
elapsed time: 11 seconds (0d 0h 0m 11s)

